{
  "RSpec": {
    "coverage": {
      "/Users/willchen/turing_work/3mod/projects/pantry_pilot_be/config/environment.rb": {
        "lines": [
          null,
          1,
          null,
          null,
          1
        ]
      },
      "/Users/willchen/turing_work/3mod/projects/pantry_pilot_be/config/application.rb": {
        "lines": [
          1,
          null,
          1,
          null,
          1,
          1,
          1,
          1,
          1,
          1,
          1,
          1,
          1,
          1,
          null,
          null,
          null,
          null,
          1,
          null,
          1,
          1,
          null,
          1,
          null,
          null,
          null,
          null,
          null,
          null,
          null,
          null,
          null,
          null,
          null,
          null,
          1,
          null,
          null
        ]
      },
      "/Users/willchen/turing_work/3mod/projects/pantry_pilot_be/config/boot.rb": {
        "lines": [
          1,
          null,
          1,
          1
        ]
      },
      "/Users/willchen/turing_work/3mod/projects/pantry_pilot_be/config/environments/test.rb": {
        "lines": [
          1,
          null,
          null,
          null,
          null,
          null,
          null,
          1,
          null,
          null,
          null,
          1,
          null,
          null,
          null,
          null,
          1,
          null,
          null,
          1,
          1,
          null,
          null,
          null,
          null,
          1,
          1,
          1,
          null,
          null,
          1,
          null,
          null,
          1,
          null,
          null,
          1,
          null,
          1,
          null,
          null,
          null,
          null,
          1,
          null,
          null,
          1,
          null,
          null,
          1,
          null,
          null,
          1,
          null,
          null,
          null,
          null,
          null,
          null,
          null
        ]
      },
      "/Users/willchen/turing_work/3mod/projects/pantry_pilot_be/config/initializers/cors.rb": {
        "lines": [
          null,
          null,
          null,
          null,
          null,
          null,
          null,
          null,
          null,
          null,
          null,
          null,
          null,
          null,
          null,
          null
        ]
      },
      "/Users/willchen/turing_work/3mod/projects/pantry_pilot_be/config/initializers/filter_parameter_logging.rb": {
        "lines": [
          null,
          null,
          null,
          null,
          null,
          1,
          null,
          null
        ]
      },
      "/Users/willchen/turing_work/3mod/projects/pantry_pilot_be/config/initializers/inflections.rb": {
        "lines": [
          null,
          null,
          null,
          null,
          null,
          null,
          null,
          null,
          null,
          null,
          null,
          null,
          null,
          null,
          null,
          null
        ]
      },
      "/Users/willchen/turing_work/3mod/projects/pantry_pilot_be/spec/factories/users.rb": {
        "lines": [
          1,
          1,
          1,
          1,
          1,
          null,
          null
        ]
      },
      "/Users/willchen/turing_work/3mod/projects/pantry_pilot_be/config/routes.rb": {
        "lines": [
          1,
          1,
          1,
          null,
          1,
          null
        ]
      },
      "/Users/willchen/turing_work/3mod/projects/pantry_pilot_be/app/models/recipe.rb": {
        "lines": [
          1,
          1,
          null,
          1,
          21,
          21,
          21,
          null,
          null
        ]
      },
      "/Users/willchen/turing_work/3mod/projects/pantry_pilot_be/spec/models/user_spec.rb": {
        "lines": [
          1,
          null,
          1,
          1,
          2,
          2,
          2,
          null,
          null
        ]
      },
      "/Users/willchen/turing_work/3mod/projects/pantry_pilot_be/app/models/user.rb": {
        "lines": [
          1,
          1,
          1,
          1,
          null,
          1,
          null
        ]
      },
      "/Users/willchen/turing_work/3mod/projects/pantry_pilot_be/app/models/application_record.rb": {
        "lines": [
          1,
          1,
          null
        ]
      },
      "/Users/willchen/turing_work/3mod/projects/pantry_pilot_be/spec/requests/api/v1/create_user_spec.rb": {
        "lines": [
          1,
          null,
          1,
          1,
          1,
          1,
          null,
          1,
          1,
          null,
          1,
          1,
          null,
          1,
          null,
          1,
          1,
          1,
          1,
          1,
          null,
          null,
          1,
          1,
          1,
          null,
          1,
          1,
          null,
          1,
          null,
          1,
          1,
          null,
          null,
          null
        ]
      },
      "/Users/willchen/turing_work/3mod/projects/pantry_pilot_be/spec/requests/api/v1/recipes_spec.rb": {
        "lines": [
          1,
          null,
          1,
          1,
          1,
          1,
          1,
          null,
          null,
          1,
          1,
          null,
          1,
          null,
          1,
          1,
          1,
          1,
          1,
          1,
          1,
          1,
          null,
          null,
          null
        ]
      },
      "/Users/willchen/turing_work/3mod/projects/pantry_pilot_be/spec/requests/api/v1/user_session_spec.rb": {
        "lines": [
          1,
          null,
          1,
          1,
          1,
          1,
          1,
          null,
          1,
          1,
          null,
          1,
          null,
          1,
          1,
          1,
          1,
          1,
          null,
          null,
          null,
          1,
          1,
          1,
          null,
          1,
          1,
          null,
          1,
          null,
          1,
          1,
          null,
          null
        ]
      },
      "/Users/willchen/turing_work/3mod/projects/pantry_pilot_be/spec/services/spoonacular_spec.rb": {
        "lines": [
          1,
          null,
          1,
          1,
          1,
          1,
          1,
          null,
          1,
          1,
          1,
          1,
          1,
          1,
          1,
          1,
          null,
          null,
          null,
          null
        ]
      },
      "/Users/willchen/turing_work/3mod/projects/pantry_pilot_be/app/services/spoonacular_service.rb": {
        "lines": [
          1,
          1,
          3,
          3,
          null,
          3,
          null,
          null,
          1,
          null,
          1,
          3,
          3,
          3,
          null,
          null,
          null
        ]
      },
      "/Users/willchen/turing_work/3mod/projects/pantry_pilot_be/app/controllers/api/v1/users_controller.rb": {
        "lines": [
          1,
          null,
          1,
          null,
          2,
          2,
          1,
          null,
          1,
          null,
          null,
          null,
          1,
          null,
          1,
          2,
          null,
          null
        ]
      },
      "/Users/willchen/turing_work/3mod/projects/pantry_pilot_be/app/controllers/application_controller.rb": {
        "lines": [
          1,
          null
        ]
      },
      "/Users/willchen/turing_work/3mod/projects/pantry_pilot_be/app/serializers/users_serializer.rb": {
        "lines": [
          1,
          1,
          null,
          1,
          null,
          null
        ]
      },
      "/Users/willchen/turing_work/3mod/projects/pantry_pilot_be/app/controllers/api/v1/recipes_controller.rb": {
        "lines": [
          1,
          1,
          2,
          2,
          20,
          null,
          2,
          null,
          null
        ]
      },
      "/Users/willchen/turing_work/3mod/projects/pantry_pilot_be/app/serializers/recipe_serializer.rb": {
        "lines": [
          1,
          1,
          1,
          null
        ]
      },
      "/Users/willchen/turing_work/3mod/projects/pantry_pilot_be/app/controllers/api/v1/sessions_controller.rb": {
        "lines": [
          1,
          null,
          1,
          2,
          null,
          2,
          1,
          null,
          1,
          null,
          null,
          null
        ]
      }
    },
    "timestamp": 1698870540
  }
}
