{
  "RSpec": {
    "coverage": {
      "/Users/antoine/Turing/3mod/projects/PANTRY_PILOT/pantry_pilot_be/config/environment.rb": {
        "lines": [
          null,
          1,
          null,
          null,
          1
        ]
      },
      "/Users/antoine/Turing/3mod/projects/PANTRY_PILOT/pantry_pilot_be/config/application.rb": {
        "lines": [
          1,
          null,
          1,
          null,
          1,
          1,
          1,
          1,
          1,
          1,
          1,
          1,
          1,
          1,
          null,
          null,
          null,
          null,
          1,
          null,
          1,
          1,
          null,
          1,
          null,
          null,
          null,
          null,
          null,
          null,
          null,
          null,
          null,
          null,
          null,
          null,
          1,
          null,
          null
        ]
      },
      "/Users/antoine/Turing/3mod/projects/PANTRY_PILOT/pantry_pilot_be/config/boot.rb": {
        "lines": [
          1,
          null,
          1,
          1
        ]
      },
      "/Users/antoine/Turing/3mod/projects/PANTRY_PILOT/pantry_pilot_be/config/environments/test.rb": {
        "lines": [
          1,
          null,
          null,
          null,
          null,
          null,
          null,
          1,
          null,
          null,
          null,
          1,
          null,
          null,
          null,
          null,
          1,
          null,
          null,
          1,
          1,
          null,
          null,
          null,
          null,
          1,
          1,
          1,
          null,
          null,
          1,
          null,
          null,
          1,
          null,
          null,
          1,
          null,
          1,
          null,
          null,
          null,
          null,
          1,
          null,
          null,
          1,
          null,
          null,
          1,
          null,
          null,
          1,
          null,
          null,
          null,
          null,
          null,
          null,
          null
        ]
      },
      "/Users/antoine/Turing/3mod/projects/PANTRY_PILOT/pantry_pilot_be/config/initializers/cors.rb": {
        "lines": [
          null,
          null,
          null,
          null,
          null,
          null,
          null,
          null,
          null,
          null,
          null,
          null,
          null,
          null,
          null,
          null
        ]
      },
      "/Users/antoine/Turing/3mod/projects/PANTRY_PILOT/pantry_pilot_be/config/initializers/filter_parameter_logging.rb": {
        "lines": [
          null,
          null,
          null,
          null,
          null,
          1,
          null,
          null
        ]
      },
      "/Users/antoine/Turing/3mod/projects/PANTRY_PILOT/pantry_pilot_be/config/initializers/inflections.rb": {
        "lines": [
          null,
          null,
          null,
          null,
          null,
          null,
          null,
          null,
          null,
          null,
          null,
          null,
          null,
          null,
          null,
          null
        ]
      },
      "/Users/antoine/Turing/3mod/projects/PANTRY_PILOT/pantry_pilot_be/spec/factories/users.rb": {
        "lines": [
          1,
          1,
          1,
          1,
          1,
          null,
          null
        ]
      },
      "/Users/antoine/Turing/3mod/projects/PANTRY_PILOT/pantry_pilot_be/config/routes.rb": {
        "lines": [
          1,
          null,
          null,
          null,
          null,
          null,
          1,
          null,
          1,
          null
        ]
      },
      "/Users/antoine/Turing/3mod/projects/PANTRY_PILOT/pantry_pilot_be/app/models/user.rb": {
        "lines": [
          1,
          1,
          1,
          1,
          null,
          1,
          null
        ]
      },
      "/Users/antoine/Turing/3mod/projects/PANTRY_PILOT/pantry_pilot_be/app/models/application_record.rb": {
        "lines": [
          1,
          1,
          null
        ]
      },
      "/Users/antoine/Turing/3mod/projects/PANTRY_PILOT/pantry_pilot_be/spec/requests/api/v1/create_user_spec.rb": {
        "lines": [
          1,
          null,
          1,
          1,
          1,
          1,
          null,
          1,
          1,
          null,
          1,
          1,
          null,
          1,
          null,
          1,
          1,
          1,
          1,
          1,
          null,
          null,
          null
        ]
      },
      "/Users/antoine/Turing/3mod/projects/PANTRY_PILOT/pantry_pilot_be/spec/requests/api/v1/user_session_spec.rb": {
        "lines": [
          1,
          null,
          1,
          1,
          1,
          1,
          1,
          null,
          1,
          1,
          null,
          1,
          null,
          1,
          1,
          1,
          1,
          1,
          null,
          null,
          null
        ]
      },
      "/Users/antoine/Turing/3mod/projects/PANTRY_PILOT/pantry_pilot_be/app/controllers/api/v1/users_controller.rb": {
        "lines": [
          1,
          null,
          1,
          null,
          1,
          1,
          1,
          null,
          0,
          null,
          null,
          null,
          1,
          null,
          1,
          1,
          null,
          null
        ]
      },
      "/Users/antoine/Turing/3mod/projects/PANTRY_PILOT/pantry_pilot_be/app/controllers/application_controller.rb": {
        "lines": [
          1,
          null
        ]
      },
      "/Users/antoine/Turing/3mod/projects/PANTRY_PILOT/pantry_pilot_be/app/serializers/users_serializer.rb": {
        "lines": [
          1,
          1,
          null,
          1,
          null,
          null
        ]
      },
      "/Users/antoine/Turing/3mod/projects/PANTRY_PILOT/pantry_pilot_be/app/controllers/api/v1/sessions_controller.rb": {
        "lines": [
          1,
          null,
          1,
          1,
          null,
          1,
          1,
          null,
          0,
          null,
          null,
          null
        ]
      }
    },
    "timestamp": 1698797512
  }
}
